Arguments: 
  /usr/bin/node /usr/bin/yarn add @material-ui/lab/TreeView

PATH: 
  /home/piyushsi/.rbenv/shims:/home/piyushsi/.rbenv/bin:/home/piyushsi/.rbenv/shims:/home/piyushsi/.rbenv/bin:/home/piyushsi/.rvm/gems/ruby-2.7.0/bin:/home/piyushsi/.rvm/gems/ruby-2.7.0@global/bin:/home/piyushsi/.rvm/rubies/ruby-2.7.0/bin:/usr/local/sbin:/usr/local/bin:/usr/sbin:/usr/bin:/sbin:/bin:/usr/games:/usr/local/games:/snap/bin:/home/piyushsi/.rvm/bin:/home/piyushsi/.rvm/bin:/home/piyushsi/.rvm/bin:/home/piyushsi/.rvm/bin:/home/piyushsi/.rvm/bin

Yarn version: 
  1.22.5

Node version: 
  12.21.0

Platform: 
  linux x64

Trace: 
  Error: https://registry.yarnpkg.com/@material-ui%2flab/TreeView: Request "https://registry.yarnpkg.com/@material-ui%2flab/TreeView" returned a 405
      at Request.params.callback [as _callback] (/usr/lib/node_modules/yarn/lib/cli.js:66997:18)
      at Request.self.callback (/usr/lib/node_modules/yarn/lib/cli.js:140662:22)
      at Request.emit (events.js:314:20)
      at Request.<anonymous> (/usr/lib/node_modules/yarn/lib/cli.js:141634:10)
      at Request.emit (events.js:314:20)
      at IncomingMessage.<anonymous> (/usr/lib/node_modules/yarn/lib/cli.js:141556:12)
      at Object.onceWrapper (events.js:420:28)
      at IncomingMessage.emit (events.js:326:22)
      at endReadableNT (_stream_readable.js:1241:12)
      at processTicksAndRejections (internal/process/task_queues.js:84:21)

npm manifest: 
  {
    "name": "g_drive",
    "version": "1.0.0",
    "private": true,
    "scripts": {
      "start": "NODE_ENV=development nodemon ./bin/www",
      "start:prod": "NODE_ENV=production nodemon ./bin/www",
      "clean": "rimraf dist/bundle/"
    },
    "dependencies": {
      "@material-ui/core": "^4.11.0",
      "@material-ui/icons": "^4.9.1",
      "axios": "^0.21.1",
      "clsx": "^1.1.1",
      "cookie-parser": "~1.4.3",
      "core-js": "^3.6.5",
      "debug": "~2.6.9",
      "dotenv": "^8.2.0",
      "ejs": "~2.5.7",
      "express": "~4.16.0",
      "express-static-gzip": "^1.1.3",
      "express-validator": "^6.6.1",
      "fontsource-roboto": "^3.0.3",
      "helmet": "^3.18.0",
      "http-errors": "~1.6.2",
      "jsonwebtoken": "^8.5.1",
      "mongoose": "^5.7.5",
      "morgan": "~1.9.0",
      "nodemon": "^2.0.4",
      "react": "^16.8.6",
      "react-d3-tree": "^1.16.1",
      "react-dnd": "^11.1.3",
      "react-dom": "^16.8.6",
      "react-material-ui-form-validator": "^2.1.1",
      "react-router-dom": "^5.0.0",
      "recharts": "^1.8.5",
      "regenerator-runtime": "^0.13.7"
    },
    "devDependencies": {
      "@babel/core": "^7.4.5",
      "@babel/plugin-proposal-class-properties": "^7.5.0",
      "@babel/plugin-transform-react-jsx": "^7.3.0",
      "@babel/preset-env": "^7.4.5",
      "@babel/preset-react": "^7.0.0",
      "babel-loader": "^8.0.6",
      "clean-webpack-plugin": "^3.0.0",
      "css-loader": "^2.1.1",
      "mini-css-extract-plugin": "^0.6.0",
      "node-sass": "^4.12.0",
      "sass-loader": "^7.1.0",
      "svg-url-loader": "^6.0.0",
      "webpack": "^4.33.0",
      "webpack-cli": "^3.3.4",
      "webpack-dev-middleware": "^3.7.0",
      "webpack-hot-middleware": "^2.25.0"
    }
  }

yarn manifest: 
  No manifest

Lockfile: 
  No lockfile
